
> auto-posting-app@1.0.0 dev
> concurrently "npm run server" "npm run client"

[0] 
[0] > auto-posting-app@1.0.0 server
[0] > nodemon server/index.js
[0] 
[1] 
[1] > auto-posting-app@1.0.0 client
[1] > cd client && npm start
[1] 
[0] [33m[nodemon] 3.1.10[39m
[0] [33m[nodemon] to restart at any time, enter `rs`[39m
[0] [33m[nodemon] watching path(s): *.*[39m
[0] [33m[nodemon] watching extensions: js,mjs,cjs,json[39m
[0] [32m[nodemon] starting `node server/index.js`[39m
[1] 
[1] > auto-posting-client@1.0.0 start
[1] > react-scripts start
[1] 
[0] 🚀 Server running on port 5001
[0] 📊 Environment: development
[0] 🔗 API URL: http://localhost:5001/api
[0] ✅ SQLite Connected
[0] ✅ Database tables initialized
[1] (node:11826) [DEP0176] DeprecationWarning: fs.F_OK is deprecated, use fs.constants.F_OK instead
[1] (Use `node --trace-deprecation ...` to show where the warning was created)
[1] Something is already running on port 3000.
[1] npm run client exited with code 0
[0] ::1 - - [11/Jul/2025:21:50:22 +0000] "GET /health HTTP/1.1" 404 27 "-" "curl/8.4.0"
[0] [32m[nodemon] restarting due to changes...[39m
[0] [32m[nodemon] starting `node server/index.js`[39m
[0] node:events:485
[0]       throw er; // Unhandled 'error' event
[0]       ^
[0] 
[0] Error: listen EADDRINUSE: address already in use :::5001
[0]     at Server.setupListenHandle [as _listen2] (node:net:1940:16)
[0]     at listenInCluster (node:net:1997:12)
[0]     at Server.listen (node:net:2102:7)
[0]     at app.listen (/Users/peterallen/Documents/GitHub/Auto-Posting-App/node_modules/express/lib/application.js:635:24)
[0]     at Object.<anonymous> (/Users/peterallen/Documents/GitHub/Auto-Posting-App/server/index.js:91:5)
[0]     at Module._compile (node:internal/modules/cjs/loader:1692:14)
[0]     at Object..js (node:internal/modules/cjs/loader:1824:10)
[0]     at Module.load (node:internal/modules/cjs/loader:1427:32)
[0]     at Module._load (node:internal/modules/cjs/loader:1250:12)
[0]     at TracingChannel.traceSync (node:diagnostics_channel:322:14)
[0] Emitted 'error' event on Server instance at:
[0]     at emitErrorNT (node:net:1976:8)
[0]     at process.processTicksAndRejections (node:internal/process/task_queues:90:21) {
[0]   code: 'EADDRINUSE',
[0]   errno: -48,
[0]   syscall: 'listen',
[0]   address: '::',
[0]   port: 5001
[0] }
[0] 
[0] Node.js v24.3.0
[0] [31m[nodemon] app crashed - waiting for file changes before starting...[39m
[0] [32m[nodemon] restarting due to changes...[39m
[0] [32m[nodemon] starting `node server/index.js`[39m
[0] node:events:485
[0]       throw er; // Unhandled 'error' event
[0]       ^
[0] 
[0] Error: listen EADDRINUSE: address already in use :::5001
[0]     at Server.setupListenHandle [as _listen2] (node:net:1940:16)
[0]     at listenInCluster (node:net:1997:12)
[0]     at Server.listen (node:net:2102:7)
[0]     at app.listen (/Users/peterallen/Documents/GitHub/Auto-Posting-App/node_modules/express/lib/application.js:635:24)
[0]     at Object.<anonymous> (/Users/peterallen/Documents/GitHub/Auto-Posting-App/server/index.js:91:5)
[0]     at Module._compile (node:internal/modules/cjs/loader:1692:14)
[0]     at Object..js (node:internal/modules/cjs/loader:1824:10)
[0]     at Module.load (node:internal/modules/cjs/loader:1427:32)
[0]     at Module._load (node:internal/modules/cjs/loader:1250:12)
[0]     at TracingChannel.traceSync (node:diagnostics_channel:322:14)
[0] Emitted 'error' event on Server instance at:
[0]     at emitErrorNT (node:net:1976:8)
[0]     at process.processTicksAndRejections (node:internal/process/task_queues:90:21) {
[0]   code: 'EADDRINUSE',
[0]   errno: -48,
[0]   syscall: 'listen',
[0]   address: '::',
[0]   port: 5001
[0] }
[0] 
[0] Node.js v24.3.0
[0] [31m[nodemon] app crashed - waiting for file changes before starting...[39m
[0] [32m[nodemon] restarting due to changes...[39m
[0] [32m[nodemon] starting `node server/index.js`[39m
[0] 🚀 Server running on port 5001
[0] 📊 Environment: development
[0] 🔗 API URL: http://localhost:5001/api
[0] ✅ SQLite Connected
[0] ✅ Database tables initialized
[0] [32m[nodemon] restarting due to changes...[39m
[0] [32m[nodemon] starting `node server/index.js`[39m
[0] node:events:485
[0]       throw er; // Unhandled 'error' event
[0]       ^
[0] 
[0] Error: listen EADDRINUSE: address already in use :::5001
[0]     at Server.setupListenHandle [as _listen2] (node:net:1940:16)
[0]     at listenInCluster (node:net:1997:12)
[0]     at Server.listen (node:net:2102:7)
[0]     at app.listen (/Users/peterallen/Documents/GitHub/Auto-Posting-App/node_modules/express/lib/application.js:635:24)
[0]     at Object.<anonymous> (/Users/peterallen/Documents/GitHub/Auto-Posting-App/server/index.js:91:5)
[0]     at Module._compile (node:internal/modules/cjs/loader:1692:14)
[0]     at Object..js (node:internal/modules/cjs/loader:1824:10)
[0]     at Module.load (node:internal/modules/cjs/loader:1427:32)
[0]     at Module._load (node:internal/modules/cjs/loader:1250:12)
[0]     at TracingChannel.traceSync (node:diagnostics_channel:322:14)
[0] Emitted 'error' event on Server instance at:
[0]     at emitErrorNT (node:net:1976:8)
[0]     at process.processTicksAndRejections (node:internal/process/task_queues:90:21) {
[0]   code: 'EADDRINUSE',
[0]   errno: -48,
[0]   syscall: 'listen',
[0]   address: '::',
[0]   port: 5001
[0] }
[0] 
[0] Node.js v24.3.0
[0] [31m[nodemon] app crashed - waiting for file changes before starting...[39m
[0] [32m[nodemon] restarting due to changes...[39m
[0] [32m[nodemon] starting `node server/index.js`[39m
[0] node:events:485
[0]       throw er; // Unhandled 'error' event
[0]       ^
[0] 
[0] Error: listen EADDRINUSE: address already in use :::5001
[0]     at Server.setupListenHandle [as _listen2] (node:net:1940:16)
[0]     at listenInCluster (node:net:1997:12)
[0]     at Server.listen (node:net:2102:7)
[0]     at app.listen (/Users/peterallen/Documents/GitHub/Auto-Posting-App/node_modules/express/lib/application.js:635:24)
[0]     at Object.<anonymous> (/Users/peterallen/Documents/GitHub/Auto-Posting-App/server/index.js:91:5)
[0]     at Module._compile (node:internal/modules/cjs/loader:1692:14)
[0]     at Object..js (node:internal/modules/cjs/loader:1824:10)
[0]     at Module.load (node:internal/modules/cjs/loader:1427:32)
[0]     at Module._load (node:internal/modules/cjs/loader:1250:12)
[0]     at TracingChannel.traceSync (node:diagnostics_channel:322:14)
[0] Emitted 'error' event on Server instance at:
[0]     at emitErrorNT (node:net:1976:8)
[0]     at process.processTicksAndRejections (node:internal/process/task_queues:90:21) {
[0]   code: 'EADDRINUSE',
[0]   errno: -48,
[0]   syscall: 'listen',
[0]   address: '::',
[0]   port: 5001
[0] }
[0] 
[0] Node.js v24.3.0
[0] [31m[nodemon] app crashed - waiting for file changes before starting...[39m
[0] npm run server exited with code SIGTERM
